2013/08/15 18:21:50 [C] [Handler crashed with error runtime error: invalid memory address or nil pointer dereference]
2013/08/15 18:21:50 [C] [/usr/local/go/src/pkg/runtime/panic.c 229]
2013/08/15 18:21:50 [C] [/usr/local/go/src/pkg/runtime/panic.c 487]
2013/08/15 18:21:50 [C] [/usr/local/go/src/pkg/runtime/os_linux.c 236]
2013/08/15 18:21:50 [C] [/root/go/src/github.com/lxy/web/controllers/default.go 41]
2013/08/15 18:21:50 [C] [/usr/local/go/src/pkg/reflect/value.go 474]
2013/08/15 18:21:50 [C] [/usr/local/go/src/pkg/reflect/value.go 345]
2013/08/15 18:21:50 [C] [/root/go/src/github.com/astaxie/beego/router.go 466]
2013/08/15 18:21:50 [C] [/usr/local/go/src/pkg/net/http/server.go 1517]
2013/08/15 18:21:50 [C] [/usr/local/go/src/pkg/net/http/server.go 1096]
2013/08/15 18:21:50 [C] [/usr/local/go/src/pkg/runtime/proc.c 1223]
2013/08/15 18:21:53 [C] [Handler crashed with error runtime error: invalid memory address or nil pointer dereference]
2013/08/15 18:21:53 [C] [/usr/local/go/src/pkg/runtime/panic.c 229]
2013/08/15 18:21:53 [C] [/usr/local/go/src/pkg/runtime/panic.c 487]
2013/08/15 18:21:53 [C] [/usr/local/go/src/pkg/runtime/os_linux.c 236]
2013/08/15 18:21:53 [C] [/root/go/src/github.com/lxy/web/controllers/default.go 41]
2013/08/15 18:21:53 [C] [/usr/local/go/src/pkg/reflect/value.go 474]
2013/08/15 18:21:53 [C] [/usr/local/go/src/pkg/reflect/value.go 345]
2013/08/15 18:21:53 [C] [/root/go/src/github.com/astaxie/beego/router.go 466]
2013/08/15 18:21:53 [C] [/usr/local/go/src/pkg/net/http/server.go 1517]
2013/08/15 18:21:53 [C] [/usr/local/go/src/pkg/net/http/server.go 1096]
2013/08/15 18:21:53 [C] [/usr/local/go/src/pkg/runtime/proc.c 1223]
2013/08/15 18:21:59 [C] [Handler crashed with error runtime error: invalid memory address or nil pointer dereference]
2013/08/15 18:21:59 [C] [/usr/local/go/src/pkg/runtime/panic.c 229]
2013/08/15 18:21:59 [C] [/usr/local/go/src/pkg/runtime/panic.c 487]
2013/08/15 18:21:59 [C] [/usr/local/go/src/pkg/runtime/os_linux.c 236]
2013/08/15 18:21:59 [C] [/root/go/src/github.com/lxy/web/controllers/default.go 41]
2013/08/15 18:21:59 [C] [/usr/local/go/src/pkg/reflect/value.go 474]
2013/08/15 18:21:59 [C] [/usr/local/go/src/pkg/reflect/value.go 345]
2013/08/15 18:21:59 [C] [/root/go/src/github.com/astaxie/beego/router.go 466]
2013/08/15 18:21:59 [C] [/usr/local/go/src/pkg/net/http/server.go 1517]
2013/08/15 18:21:59 [C] [/usr/local/go/src/pkg/net/http/server.go 1096]
2013/08/15 18:21:59 [C] [/usr/local/go/src/pkg/runtime/proc.c 1223]
2013/08/15 18:22:01 [C] [Handler crashed with error runtime error: invalid memory address or nil pointer dereference]
2013/08/15 18:22:01 [C] [/usr/local/go/src/pkg/runtime/panic.c 229]
2013/08/15 18:22:01 [C] [/usr/local/go/src/pkg/runtime/panic.c 487]
2013/08/15 18:22:01 [C] [/usr/local/go/src/pkg/runtime/os_linux.c 236]
2013/08/15 18:22:01 [C] [/root/go/src/github.com/lxy/web/controllers/default.go 41]
2013/08/15 18:22:01 [C] [/usr/local/go/src/pkg/reflect/value.go 474]
2013/08/15 18:22:01 [C] [/usr/local/go/src/pkg/reflect/value.go 345]
2013/08/15 18:22:01 [C] [/root/go/src/github.com/astaxie/beego/router.go 466]
2013/08/15 18:22:01 [C] [/usr/local/go/src/pkg/net/http/server.go 1517]
2013/08/15 18:22:01 [C] [/usr/local/go/src/pkg/net/http/server.go 1096]
2013/08/15 18:22:01 [C] [/usr/local/go/src/pkg/runtime/proc.c 1223]
2013/08/15 18:22:06 [C] [Handler crashed with error runtime error: invalid memory address or nil pointer dereference]
2013/08/15 18:22:06 [C] [/usr/local/go/src/pkg/runtime/panic.c 229]
2013/08/15 18:22:06 [C] [/usr/local/go/src/pkg/runtime/panic.c 487]
2013/08/15 18:22:06 [C] [/usr/local/go/src/pkg/runtime/os_linux.c 236]
2013/08/15 18:22:06 [C] [/root/go/src/github.com/lxy/web/controllers/default.go 41]
2013/08/15 18:22:06 [C] [/usr/local/go/src/pkg/reflect/value.go 474]
2013/08/15 18:22:06 [C] [/usr/local/go/src/pkg/reflect/value.go 345]
2013/08/15 18:22:06 [C] [/root/go/src/github.com/astaxie/beego/router.go 466]
2013/08/15 18:22:06 [C] [/usr/local/go/src/pkg/net/http/server.go 1517]
2013/08/15 18:22:06 [C] [/usr/local/go/src/pkg/net/http/server.go 1096]
2013/08/15 18:22:06 [C] [/usr/local/go/src/pkg/runtime/proc.c 1223]
2013/08/15 18:24:41 [C] [Handler crashed with error runtime error: invalid memory address or nil pointer dereference]
2013/08/15 18:24:41 [C] [/usr/local/go/src/pkg/runtime/panic.c 229]
2013/08/15 18:24:41 [C] [/usr/local/go/src/pkg/runtime/panic.c 487]
2013/08/15 18:24:41 [C] [/usr/local/go/src/pkg/runtime/os_linux.c 236]
2013/08/15 18:24:41 [C] [/root/go/src/github.com/lxy/web/controllers/default.go 41]
2013/08/15 18:24:41 [C] [/usr/local/go/src/pkg/reflect/value.go 474]
2013/08/15 18:24:41 [C] [/usr/local/go/src/pkg/reflect/value.go 345]
2013/08/15 18:24:41 [C] [/root/go/src/github.com/astaxie/beego/router.go 466]
2013/08/15 18:24:41 [C] [/usr/local/go/src/pkg/net/http/server.go 1517]
2013/08/15 18:24:41 [C] [/usr/local/go/src/pkg/net/http/server.go 1096]
2013/08/15 18:24:41 [C] [/usr/local/go/src/pkg/runtime/proc.c 1223]
2013/08/15 18:24:43 [C] [Handler crashed with error runtime error: invalid memory address or nil pointer dereference]
2013/08/15 18:24:43 [C] [/usr/local/go/src/pkg/runtime/panic.c 229]
2013/08/15 18:24:43 [C] [/usr/local/go/src/pkg/runtime/panic.c 487]
2013/08/15 18:24:43 [C] [/usr/local/go/src/pkg/runtime/os_linux.c 236]
2013/08/15 18:24:43 [C] [/root/go/src/github.com/lxy/web/controllers/default.go 41]
2013/08/15 18:24:43 [C] [/usr/local/go/src/pkg/reflect/value.go 474]
2013/08/15 18:24:43 [C] [/usr/local/go/src/pkg/reflect/value.go 345]
2013/08/15 18:24:43 [C] [/root/go/src/github.com/astaxie/beego/router.go 466]
2013/08/15 18:24:43 [C] [/usr/local/go/src/pkg/net/http/server.go 1517]
2013/08/15 18:24:43 [C] [/usr/local/go/src/pkg/net/http/server.go 1096]
2013/08/15 18:24:43 [C] [/usr/local/go/src/pkg/runtime/proc.c 1223]
2013/08/15 18:30:04 [C] [Handler crashed with error runtime error: invalid memory address or nil pointer dereference]
2013/08/15 18:30:04 [C] [/usr/local/go/src/pkg/runtime/panic.c 229]
2013/08/15 18:30:04 [C] [/usr/local/go/src/pkg/runtime/panic.c 487]
2013/08/15 18:30:04 [C] [/usr/local/go/src/pkg/runtime/os_linux.c 236]
2013/08/15 18:30:04 [C] [/root/go/src/github.com/lxy/web/controllers/default.go 41]
2013/08/15 18:30:04 [C] [/usr/local/go/src/pkg/reflect/value.go 474]
2013/08/15 18:30:04 [C] [/usr/local/go/src/pkg/reflect/value.go 345]
2013/08/15 18:30:04 [C] [/root/go/src/github.com/astaxie/beego/router.go 466]
2013/08/15 18:30:04 [C] [/usr/local/go/src/pkg/net/http/server.go 1517]
2013/08/15 18:30:04 [C] [/usr/local/go/src/pkg/net/http/server.go 1096]
2013/08/15 18:30:04 [C] [/usr/local/go/src/pkg/runtime/proc.c 1223]
2013/08/15 18:30:06 [C] [Handler crashed with error runtime error: invalid memory address or nil pointer dereference]
2013/08/15 18:30:06 [C] [/usr/local/go/src/pkg/runtime/panic.c 229]
2013/08/15 18:30:06 [C] [/usr/local/go/src/pkg/runtime/panic.c 487]
2013/08/15 18:30:06 [C] [/usr/local/go/src/pkg/runtime/os_linux.c 236]
2013/08/15 18:30:06 [C] [/root/go/src/github.com/lxy/web/controllers/default.go 41]
2013/08/15 18:30:06 [C] [/usr/local/go/src/pkg/reflect/value.go 474]
2013/08/15 18:30:06 [C] [/usr/local/go/src/pkg/reflect/value.go 345]
2013/08/15 18:30:06 [C] [/root/go/src/github.com/astaxie/beego/router.go 466]
2013/08/15 18:30:06 [C] [/usr/local/go/src/pkg/net/http/server.go 1517]
2013/08/15 18:30:06 [C] [/usr/local/go/src/pkg/net/http/server.go 1096]
2013/08/15 18:30:06 [C] [/usr/local/go/src/pkg/runtime/proc.c 1223]
[MySQL] 2013/08/16 06:27:02 packets.go:31: EOF
2013/08/16 10:50:12 ListenAndServe: listen tcp <nil>:80: address already in use
2013/08/16 12:48:49 ListenAndServe: listen tcp <nil>:80: address already in use
[MySQL] 2013/08/17 06:49:49 packets.go:31: EOF
[MySQL] 2013/08/18 12:38:25 packets.go:31: EOF
[MySQL] 2013/08/19 08:43:35 packets.go:31: EOF
[MySQL] 2013/08/20 11:06:28 packets.go:31: EOF
[MySQL] 2013/08/21 07:35:13 packets.go:31: EOF
[MySQL] 2013/08/22 20:51:44 packets.go:31: EOF
[MySQL] 2013/08/23 10:16:17 packets.go:31: EOF
[MySQL] 2013/08/24 11:09:16 packets.go:31: EOF
[MySQL] 2013/08/25 07:14:41 packets.go:31: EOF
[MySQL] 2013/08/26 11:50:29 packets.go:31: EOF
[MySQL] 2013/08/27 14:04:39 packets.go:31: EOF
[MySQL] 2013/08/28 10:47:06 packets.go:31: EOF
[MySQL] 2013/08/29 07:56:38 packets.go:31: EOF
[MySQL] 2013/08/30 08:41:29 packets.go:31: EOF
